[[1;34mINFO[m] Scanning for projects...
[[1;34mINFO[m] 
[[1;34mINFO[m] [1m-----------------------< [0;36mcom.crudzaso:CrudCloud[0;1m >-----------------------[m
[[1;34mINFO[m] [1mBuilding CrudCloud 0.0.1-SNAPSHOT[m
[[1;34mINFO[m]   from pom.xml
[[1;34mINFO[m] [1m--------------------------------[ jar ]---------------------------------[m
[[1;34mINFO[m] 
[[1;34mINFO[m] [1m>>> [0;32mspring-boot:3.5.7:run[m [1m(default-cli)[0;1m > [0;1mtest-compile[m @ [36mCrudCloud[0;1m >>>[m
[[1;34mINFO[m] 
[[1;34mINFO[m] [1m--- [0;32mjacoco:0.8.12:prepare-agent[m [1m(prepare-agent)[m @ [36mCrudCloud[0;1m ---[m
[[1;34mINFO[m] argLine set to -javaagent:/home/juancamilo/.m2/repository/org/jacoco/org.jacoco.agent/0.8.12/org.jacoco.agent-0.8.12-runtime.jar=destfile=/home/juancamilo/Descargas/d50b92f2d515582d38c9ea710f35aa0d-f7bc6a62ea5c2401784d196c82d213a3defebb1a/Crudcloud_Backend/CrudCloud/target/jacoco.exec,excludes=**/dto/**/*:**/domain/entity/**/*:**/domain/enums/**/*:**/config/**/*:**/CrudCloudApplication.class
[[1;34mINFO[m] 
[[1;34mINFO[m] [1m--- [0;32mresources:3.3.1:resources[m [1m(default-resources)[m @ [36mCrudCloud[0;1m ---[m
[[1;34mINFO[m] Copying 1 resource from src/main/resources to target/classes
[[1;34mINFO[m] Copying 5 resources from src/main/resources to target/classes
[[1;34mINFO[m] 
[[1;34mINFO[m] [1m--- [0;32mcompiler:3.14.1:compile[m [1m(default-compile)[m @ [36mCrudCloud[0;1m ---[m
[[1;34mINFO[m] Nothing to compile - all classes are up to date.
[[1;34mINFO[m] 
[[1;34mINFO[m] [1m--- [0;32mresources:3.3.1:testResources[m [1m(default-testResources)[m @ [36mCrudCloud[0;1m ---[m
[[1;34mINFO[m] Copying 1 resource from src/test/resources to target/test-classes
[[1;34mINFO[m] 
[[1;34mINFO[m] [1m--- [0;32mcompiler:3.14.1:testCompile[m [1m(default-testCompile)[m @ [36mCrudCloud[0;1m ---[m
[[1;34mINFO[m] Nothing to compile - all classes are up to date.
[[1;34mINFO[m] 
[[1;34mINFO[m] [1m<<< [0;32mspring-boot:3.5.7:run[m [1m(default-cli)[0;1m < [0;1mtest-compile[m @ [36mCrudCloud[0;1m <<<[m
[[1;34mINFO[m] 
[[1;34mINFO[m] 
[[1;34mINFO[m] [1m--- [0;32mspring-boot:3.5.7:run[m [1m(default-cli)[m @ [36mCrudCloud[0;1m ---[m
[[1;34mINFO[m] Attaching agents: []

  .   ____          _            __ _ _
 /\\ / ___'_ __ _ _(_)_ __  __ _ \ \ \ \
( ( )\___ | '_ | '_| | '_ \/ _` | \ \ \ \
 \\/  ___)| |_)| | | | | || (_| |  ) ) ) )
  '  |____| .__|_| |_|_| |_\__, | / / / /
 =========|_|==============|___/=/_/_/_/

 :: Spring Boot ::                (v3.5.7)

2025-11-17T16:04:35.650-05:00  INFO 702327 --- [CrudCloud] [  restartedMain] c.c.CrudCloud.CrudCloudApplication       : Starting CrudCloudApplication using Java 21.0.8 with PID 702327 (/home/juancamilo/Descargas/d50b92f2d515582d38c9ea710f35aa0d-f7bc6a62ea5c2401784d196c82d213a3defebb1a/Crudcloud_Backend/CrudCloud/target/classes started by juancamilo in /home/juancamilo/Descargas/d50b92f2d515582d38c9ea710f35aa0d-f7bc6a62ea5c2401784d196c82d213a3defebb1a/Crudcloud_Backend/CrudCloud)
2025-11-17T16:04:35.651-05:00 DEBUG 702327 --- [CrudCloud] [  restartedMain] c.c.CrudCloud.CrudCloudApplication       : Running with Spring Boot v3.5.7, Spring v6.2.12
2025-11-17T16:04:35.652-05:00  INFO 702327 --- [CrudCloud] [  restartedMain] c.c.CrudCloud.CrudCloudApplication       : No active profile set, falling back to 1 default profile: "default"
2025-11-17T16:04:35.683-05:00  INFO 702327 --- [CrudCloud] [  restartedMain] .e.DevToolsPropertyDefaultsPostProcessor : Devtools property defaults active! Set 'spring.devtools.add-properties' to 'false' to disable
2025-11-17T16:04:35.684-05:00  INFO 702327 --- [CrudCloud] [  restartedMain] .e.DevToolsPropertyDefaultsPostProcessor : For additional web related logging consider setting the 'logging.level.web' property to 'DEBUG'
2025-11-17T16:04:36.335-05:00  INFO 702327 --- [CrudCloud] [  restartedMain] .s.d.r.c.RepositoryConfigurationDelegate : Bootstrapping Spring Data JPA repositories in DEFAULT mode.
2025-11-17T16:04:36.390-05:00  INFO 702327 --- [CrudCloud] [  restartedMain] .s.d.r.c.RepositoryConfigurationDelegate : Finished Spring Data repository scanning in 50 ms. Found 9 JPA repository interfaces.
2025-11-17T16:04:37.046-05:00  INFO 702327 --- [CrudCloud] [  restartedMain] o.s.b.w.embedded.tomcat.TomcatWebServer  : Tomcat initialized with port 8080 (http)
2025-11-17T16:04:37.056-05:00  INFO 702327 --- [CrudCloud] [  restartedMain] o.apache.catalina.core.StandardService   : Starting service [Tomcat]
2025-11-17T16:04:37.056-05:00  INFO 702327 --- [CrudCloud] [  restartedMain] o.apache.catalina.core.StandardEngine    : Starting Servlet engine: [Apache Tomcat/10.1.48]
2025-11-17T16:04:37.086-05:00  INFO 702327 --- [CrudCloud] [  restartedMain] o.a.c.c.C.[Tomcat].[localhost].[/]       : Initializing Spring embedded WebApplicationContext
2025-11-17T16:04:37.087-05:00  INFO 702327 --- [CrudCloud] [  restartedMain] w.s.c.ServletWebServerApplicationContext : Root WebApplicationContext: initialization completed in 1403 ms
2025-11-17T16:04:37.120-05:00 DEBUG 702327 --- [CrudCloud] [  restartedMain] c.c.C.security.JwtAuthenticationFilter   : Filter 'jwtAuthenticationFilter' configured for use
2025-11-17T16:04:37.152-05:00  INFO 702327 --- [CrudCloud] [  restartedMain] com.zaxxer.hikari.HikariDataSource       : HikariPool-1 - Starting...
2025-11-17T16:04:39.030-05:00  INFO 702327 --- [CrudCloud] [  restartedMain] com.zaxxer.hikari.pool.HikariPool        : HikariPool-1 - Added connection org.postgresql.jdbc.PgConnection@3c40bc13
2025-11-17T16:04:39.034-05:00  INFO 702327 --- [CrudCloud] [  restartedMain] com.zaxxer.hikari.HikariDataSource       : HikariPool-1 - Start completed.
2025-11-17T16:04:39.272-05:00  INFO 702327 --- [CrudCloud] [  restartedMain] o.hibernate.jpa.internal.util.LogHelper  : HHH000204: Processing PersistenceUnitInfo [name: default]
2025-11-17T16:04:39.374-05:00  INFO 702327 --- [CrudCloud] [  restartedMain] org.hibernate.Version                    : HHH000412: Hibernate ORM core version 6.6.33.Final
2025-11-17T16:04:39.404-05:00  INFO 702327 --- [CrudCloud] [  restartedMain] o.h.c.internal.RegionFactoryInitiator    : HHH000026: Second-level cache disabled
2025-11-17T16:04:39.558-05:00  INFO 702327 --- [CrudCloud] [  restartedMain] o.s.o.j.p.SpringPersistenceUnitInfo      : No LoadTimeWeaver setup: ignoring JPA class transformer
2025-11-17T16:04:40.051-05:00  WARN 702327 --- [CrudCloud] [  restartedMain] org.hibernate.orm.deprecation            : HHH90000025: PostgreSQLDialect does not need to be specified explicitly using 'hibernate.dialect' (remove the property setting and it will be selected by default)
2025-11-17T16:04:40.684-05:00  INFO 702327 --- [CrudCloud] [  restartedMain] org.hibernate.orm.connections.pooling    : HHH10001005: Database info:
	Database JDBC URL [Connecting through datasource 'HikariDataSource (HikariPool-1)']
	Database driver: undefined/unknown
	Database version: 15.15
	Autocommit mode: undefined/unknown
	Isolation level: undefined/unknown
	Minimum pool size: undefined/unknown
	Maximum pool size: undefined/unknown
2025-11-17T16:04:41.628-05:00  INFO 702327 --- [CrudCloud] [  restartedMain] o.h.e.t.j.p.i.JtaPlatformInitiator       : HHH000489: No JTA platform available (set 'hibernate.transaction.jta.platform' to enable JTA platform integration)
2025-11-17T16:04:53.038-05:00  INFO 702327 --- [CrudCloud] [  restartedMain] j.LocalContainerEntityManagerFactoryBean : Initialized JPA EntityManagerFactory for persistence unit 'default'
2025-11-17T16:04:53.521-05:00  INFO 702327 --- [CrudCloud] [  restartedMain] .c.C.s.i.CredentialEncryptionServiceImpl : ✅ CredentialEncryptionService initialized with AES-256 encryption
2025-11-17T16:04:53.648-05:00  WARN 702327 --- [CrudCloud] [  restartedMain] JpaBaseConfiguration$JpaWebConfiguration : spring.jpa.open-in-view is enabled by default. Therefore, database queries may be performed during view rendering. Explicitly configure spring.jpa.open-in-view to disable this warning
2025-11-17T16:04:53.752-05:00  WARN 702327 --- [CrudCloud] [  restartedMain] .s.s.UserDetailsServiceAutoConfiguration : 

Using generated security password: c4cfc715-39c6-4421-9c71-8b13f054bb01

This generated password is for development use only. Your security configuration must be updated before running your application in production.

2025-11-17T16:04:53.756-05:00  INFO 702327 --- [CrudCloud] [  restartedMain] r$InitializeUserDetailsManagerConfigurer : Global AuthenticationManager configured with UserDetailsService bean with name inMemoryUserDetailsManager
2025-11-17T16:04:53.808-05:00 DEBUG 702327 --- [CrudCloud] [  restartedMain] o.s.s.web.DefaultSecurityFilterChain     : Will secure any request with filters: DisableEncodeUrlFilter, WebAsyncManagerIntegrationFilter, SecurityContextHolderFilter, HeaderWriterFilter, CorsFilter, LogoutFilter, JwtAuthenticationFilter, RequestCacheAwareFilter, SecurityContextHolderAwareRequestFilter, AnonymousAuthenticationFilter, SessionManagementFilter, ExceptionTranslationFilter, AuthorizationFilter
2025-11-17T16:04:54.005-05:00  INFO 702327 --- [CrudCloud] [  restartedMain] o.s.b.d.a.OptionalLiveReloadServer       : LiveReload server is running on port 35729
2025-11-17T16:04:54.025-05:00  INFO 702327 --- [CrudCloud] [  restartedMain] o.s.b.w.embedded.tomcat.TomcatWebServer  : Tomcat started on port 8080 (http) with context path '/'
2025-11-17T16:04:54.031-05:00  INFO 702327 --- [CrudCloud] [  restartedMain] c.c.CrudCloud.CrudCloudApplication       : Started CrudCloudApplication in 18.882 seconds (process running for 19.179)
✅ Plans already exist, skipping insertion
✅ Database engines already exist, skipping insertion
✅ Initial data loaded successfully
2025-11-17T16:05:31.010-05:00  INFO 702327 --- [CrudCloud] [   File Watcher] rtingClassPathChangeChangedEventListener : Restarting due to 132 class path changes (0 additions, 0 deletions, 132 modifications)
2025-11-17T16:05:31.022-05:00  INFO 702327 --- [CrudCloud] [       Thread-5] o.s.b.w.e.tomcat.GracefulShutdown        : Commencing graceful shutdown. Waiting for active requests to complete
2025-11-17T16:05:31.029-05:00  INFO 702327 --- [CrudCloud] [tomcat-shutdown] o.s.b.w.e.tomcat.GracefulShutdown        : Graceful shutdown complete
2025-11-17T16:05:31.045-05:00  INFO 702327 --- [CrudCloud] [       Thread-5] j.LocalContainerEntityManagerFactoryBean : Closing JPA EntityManagerFactory for persistence unit 'default'
2025-11-17T16:05:31.054-05:00  INFO 702327 --- [CrudCloud] [       Thread-5] com.zaxxer.hikari.HikariDataSource       : HikariPool-1 - Shutdown initiated...
2025-11-17T16:05:31.060-05:00  INFO 702327 --- [CrudCloud] [       Thread-5] com.zaxxer.hikari.HikariDataSource       : HikariPool-1 - Shutdown completed.

  .   ____          _            __ _ _
 /\\ / ___'_ __ _ _(_)_ __  __ _ \ \ \ \
( ( )\___ | '_ | '_| | '_ \/ _` | \ \ \ \
 \\/  ___)| |_)| | | | | || (_| |  ) ) ) )
  '  |____| .__|_| |_|_| |_\__, | / / / /
 =========|_|==============|___/=/_/_/_/

 :: Spring Boot ::                (v3.5.7)

2025-11-17T16:05:31.365-05:00  INFO 702327 --- [CrudCloud] [  restartedMain] c.c.CrudCloud.CrudCloudApplication       : Starting CrudCloudApplication using Java 21.0.8 with PID 702327 (/home/juancamilo/Descargas/d50b92f2d515582d38c9ea710f35aa0d-f7bc6a62ea5c2401784d196c82d213a3defebb1a/Crudcloud_Backend/CrudCloud/target/classes started by juancamilo in /home/juancamilo/Descargas/d50b92f2d515582d38c9ea710f35aa0d-f7bc6a62ea5c2401784d196c82d213a3defebb1a/Crudcloud_Backend/CrudCloud)
2025-11-17T16:05:31.365-05:00 DEBUG 702327 --- [CrudCloud] [  restartedMain] c.c.CrudCloud.CrudCloudApplication       : Running with Spring Boot v3.5.7, Spring v6.2.12
2025-11-17T16:05:31.366-05:00  INFO 702327 --- [CrudCloud] [  restartedMain] c.c.CrudCloud.CrudCloudApplication       : No active profile set, falling back to 1 default profile: "default"
2025-11-17T16:05:31.594-05:00  INFO 702327 --- [CrudCloud] [  restartedMain] .s.d.r.c.RepositoryConfigurationDelegate : Bootstrapping Spring Data JPA repositories in DEFAULT mode.
2025-11-17T16:05:31.621-05:00  INFO 702327 --- [CrudCloud] [  restartedMain] .s.d.r.c.RepositoryConfigurationDelegate : Finished Spring Data repository scanning in 25 ms. Found 9 JPA repository interfaces.
2025-11-17T16:05:31.734-05:00  INFO 702327 --- [CrudCloud] [  restartedMain] o.s.b.w.embedded.tomcat.TomcatWebServer  : Tomcat initialized with port 8080 (http)
2025-11-17T16:05:31.735-05:00  INFO 702327 --- [CrudCloud] [  restartedMain] o.apache.catalina.core.StandardService   : Starting service [Tomcat]
2025-11-17T16:05:31.735-05:00  INFO 702327 --- [CrudCloud] [  restartedMain] o.apache.catalina.core.StandardEngine    : Starting Servlet engine: [Apache Tomcat/10.1.48]
2025-11-17T16:05:31.748-05:00  INFO 702327 --- [CrudCloud] [  restartedMain] o.a.c.c.C.[Tomcat].[localhost].[/]       : Initializing Spring embedded WebApplicationContext
2025-11-17T16:05:31.748-05:00  INFO 702327 --- [CrudCloud] [  restartedMain] w.s.c.ServletWebServerApplicationContext : Root WebApplicationContext: initialization completed in 379 ms
2025-11-17T16:05:31.759-05:00 DEBUG 702327 --- [CrudCloud] [  restartedMain] c.c.C.security.JwtAuthenticationFilter   : Filter 'jwtAuthenticationFilter' configured for use
2025-11-17T16:05:31.777-05:00  INFO 702327 --- [CrudCloud] [  restartedMain] com.zaxxer.hikari.HikariDataSource       : HikariPool-2 - Starting...
2025-11-17T16:05:33.140-05:00  INFO 702327 --- [CrudCloud] [  restartedMain] com.zaxxer.hikari.pool.HikariPool        : HikariPool-2 - Added connection org.postgresql.jdbc.PgConnection@5be06ed3
2025-11-17T16:05:33.141-05:00  INFO 702327 --- [CrudCloud] [  restartedMain] com.zaxxer.hikari.HikariDataSource       : HikariPool-2 - Start completed.
2025-11-17T16:05:33.200-05:00  INFO 702327 --- [CrudCloud] [  restartedMain] o.hibernate.jpa.internal.util.LogHelper  : HHH000204: Processing PersistenceUnitInfo [name: default]
2025-11-17T16:05:33.211-05:00  INFO 702327 --- [CrudCloud] [  restartedMain] o.h.c.internal.RegionFactoryInitiator    : HHH000026: Second-level cache disabled
2025-11-17T16:05:33.239-05:00  INFO 702327 --- [CrudCloud] [  restartedMain] o.s.o.j.p.SpringPersistenceUnitInfo      : No LoadTimeWeaver setup: ignoring JPA class transformer
2025-11-17T16:05:33.413-05:00  WARN 702327 --- [CrudCloud] [  restartedMain] org.hibernate.orm.deprecation            : HHH90000025: PostgreSQLDialect does not need to be specified explicitly using 'hibernate.dialect' (remove the property setting and it will be selected by default)
2025-11-17T16:05:33.901-05:00  INFO 702327 --- [CrudCloud] [  restartedMain] org.hibernate.orm.connections.pooling    : HHH10001005: Database info:
	Database JDBC URL [Connecting through datasource 'HikariDataSource (HikariPool-2)']
	Database driver: undefined/unknown
	Database version: 15.15
	Autocommit mode: undefined/unknown
	Isolation level: undefined/unknown
	Minimum pool size: undefined/unknown
	Maximum pool size: undefined/unknown
2025-11-17T16:05:34.307-05:00  INFO 702327 --- [CrudCloud] [  restartedMain] o.h.e.t.j.p.i.JtaPlatformInitiator       : HHH000489: No JTA platform available (set 'hibernate.transaction.jta.platform' to enable JTA platform integration)
2025-11-17T16:05:43.933-05:00  INFO 702327 --- [CrudCloud] [  restartedMain] j.LocalContainerEntityManagerFactoryBean : Initialized JPA EntityManagerFactory for persistence unit 'default'
2025-11-17T16:05:44.229-05:00  INFO 702327 --- [CrudCloud] [  restartedMain] .c.C.s.i.CredentialEncryptionServiceImpl : ✅ CredentialEncryptionService initialized with AES-256 encryption
2025-11-17T16:05:44.299-05:00  WARN 702327 --- [CrudCloud] [  restartedMain] JpaBaseConfiguration$JpaWebConfiguration : spring.jpa.open-in-view is enabled by default. Therefore, database queries may be performed during view rendering. Explicitly configure spring.jpa.open-in-view to disable this warning
2025-11-17T16:05:44.335-05:00  WARN 702327 --- [CrudCloud] [  restartedMain] .s.s.UserDetailsServiceAutoConfiguration : 

Using generated security password: e09c83eb-a815-44db-a524-b6c910b90c11

This generated password is for development use only. Your security configuration must be updated before running your application in production.

2025-11-17T16:05:44.336-05:00  INFO 702327 --- [CrudCloud] [  restartedMain] r$InitializeUserDetailsManagerConfigurer : Global AuthenticationManager configured with UserDetailsService bean with name inMemoryUserDetailsManager
2025-11-17T16:05:44.353-05:00 DEBUG 702327 --- [CrudCloud] [  restartedMain] o.s.s.web.DefaultSecurityFilterChain     : Will secure any request with filters: DisableEncodeUrlFilter, WebAsyncManagerIntegrationFilter, SecurityContextHolderFilter, HeaderWriterFilter, CorsFilter, LogoutFilter, JwtAuthenticationFilter, RequestCacheAwareFilter, SecurityContextHolderAwareRequestFilter, AnonymousAuthenticationFilter, SessionManagementFilter, ExceptionTranslationFilter, AuthorizationFilter
2025-11-17T16:05:44.416-05:00  INFO 702327 --- [CrudCloud] [  restartedMain] o.s.b.d.a.OptionalLiveReloadServer       : LiveReload server is running on port 35729
2025-11-17T16:05:44.426-05:00  INFO 702327 --- [CrudCloud] [  restartedMain] o.s.b.w.embedded.tomcat.TomcatWebServer  : Tomcat started on port 8080 (http) with context path '/'
2025-11-17T16:05:44.429-05:00  INFO 702327 --- [CrudCloud] [  restartedMain] c.c.CrudCloud.CrudCloudApplication       : Started CrudCloudApplication in 13.182 seconds (process running for 69.577)
✅ Plans already exist, skipping insertion
✅ Database engines already exist, skipping insertion
✅ Initial data loaded successfully
2025-11-17T16:05:44.859-05:00  INFO 702327 --- [CrudCloud] [  restartedMain] .ConditionEvaluationDeltaLoggingListener : Condition evaluation unchanged
2025-11-17T16:05:51.370-05:00  INFO 702327 --- [CrudCloud] [ionShutdownHook] o.s.b.w.e.tomcat.GracefulShutdown        : Commencing graceful shutdown. Waiting for active requests to complete
2025-11-17T16:05:51.373-05:00  INFO 702327 --- [CrudCloud] [tomcat-shutdown] o.s.b.w.e.tomcat.GracefulShutdown        : Graceful shutdown complete
2025-11-17T16:05:51.388-05:00  INFO 702327 --- [CrudCloud] [ionShutdownHook] j.LocalContainerEntityManagerFactoryBean : Closing JPA EntityManagerFactory for persistence unit 'default'
2025-11-17T16:05:51.391-05:00  INFO 702327 --- [CrudCloud] [ionShutdownHook] com.zaxxer.hikari.HikariDataSource       : HikariPool-2 - Shutdown initiated...
2025-11-17T16:05:51.397-05:00  INFO 702327 --- [CrudCloud] [ionShutdownHook] com.zaxxer.hikari.HikariDataSource       : HikariPool-2 - Shutdown completed.
[[1;34mINFO[m] [1m------------------------------------------------------------------------[m
[[1;34mINFO[m] [1;32mBUILD SUCCESS[m
[[1;34mINFO[m] [1m------------------------------------------------------------------------[m
[[1;34mINFO[m] Total time:  01:18 min
[[1;34mINFO[m] Finished at: 2025-11-17T16:05:51-05:00
[[1;34mINFO[m] [1m------------------------------------------------------------------------[m
